# JRE version: OpenJDK Runtime Environment (8.0_242-b01) (build 1.8.0_242-release-1644-b01)
# Java VM: OpenJDK 64-Bit Server VM (25.242-b01 mixed mode windows-amd64 compressed oops)
Heap:
 PSYoungGen      total 542720K, used 432920K [0x00000000d5580000, 0x00000000ff400000, 0x0000000100000000)
  eden space 399872K, 100% used [0x00000000d5580000,0x00000000edc00000,0x00000000edc00000)
  from space 142848K, 23% used [0x00000000edc00000,0x00000000efc46348,0x00000000f6780000)
  to   space 133632K, 35% used [0x00000000f7180000,0x00000000f9f79a48,0x00000000ff400000)
 ParOldGen       total 417280K, used 122277K [0x0000000080000000, 0x0000000099780000, 0x00000000d5580000)
  object space 417280K, 29% used [0x0000000080000000,0x0000000087769528,0x0000000099780000)
 Metaspace       used 121945K, capacity 130436K, committed 130688K, reserved 1163264K
  class space    used 15570K, capacity 17200K, committed 17280K, reserved 1048576K
GC Heap History (10 events):
Event: 872.042 GC heap after
Heap after GC invocations=31 (full 6):
 PSYoungGen      total 517632K, used 11728K [0x00000000d5580000, 0x0000000100000000, 0x0000000100000000)
  eden space 358400K, 0% used [0x00000000d5580000,0x00000000d5580000,0x00000000eb380000)
  from space 159232K, 7% used [0x00000000eb380000,0x00000000ebef43d0,0x00000000f4f00000)
  to   space 156160K, 0% used [0x00000000f6780000,0x00000000f6780000,0x0000000100000000)
 ParOldGen       total 417280K, used 122245K [0x0000000080000000, 0x0000000099780000, 0x00000000d5580000)
  object space 417280K, 29% used [0x0000000080000000,0x0000000087761528,0x0000000099780000)
 Metaspace       used 116609K, capacity 123372K, committed 123648K, reserved 1157120K
  class space    used 15002K, capacity 16363K, committed 16384K, reserved 1048576K
}
Event: 1123.387 GC heap before
{Heap before GC invocations=32 (full 6):
 PSYoungGen      total 517632K, used 370128K [0x00000000d5580000, 0x0000000100000000, 0x0000000100000000)
  eden space 358400K, 100% used [0x00000000d5580000,0x00000000eb380000,0x00000000eb380000)
  from space 159232K, 7% used [0x00000000eb380000,0x00000000ebef43d0,0x00000000f4f00000)
  to   space 156160K, 0% used [0x00000000f6780000,0x00000000f6780000,0x0000000100000000)
 ParOldGen       total 417280K, used 122245K [0x0000000080000000, 0x0000000099780000, 0x00000000d5580000)
  object space 417280K, 29% used [0x0000000080000000,0x0000000087761528,0x0000000099780000)
 Metaspace       used 117256K, capacity 124322K, committed 124544K, reserved 1157120K
  class space    used 15054K, capacity 16457K, committed 16512K, reserved 1048576K
Event: 1123.416 GC heap after
Heap after GC invocations=32 (full 6):
 PSYoungGen      total 528384K, used 14641K [0x00000000d5580000, 0x00000000ff500000, 0x0000000100000000)
  eden space 383488K, 0% used [0x00000000d5580000,0x00000000d5580000,0x00000000ecc00000)
  from space 144896K, 10% used [0x00000000f6780000,0x00000000f75cc648,0x00000000ff500000)
  to   space 152064K, 0% used [0x00000000ecc00000,0x00000000ecc00000,0x00000000f6080000)
 ParOldGen       total 417280K, used 122253K [0x0000000080000000, 0x0000000099780000, 0x00000000d5580000)
  object space 417280K, 29% used [0x0000000080000000,0x0000000087763528,0x0000000099780000)
 Metaspace       used 117256K, capacity 124322K, committed 124544K, reserved 1157120K
  class space    used 15054K, capacity 16457K, committed 16512K, reserved 1048576K
}
Event: 1241.102 GC heap before
{Heap before GC invocations=33 (full 6):
 PSYoungGen      total 528384K, used 398128K [0x00000000d5580000, 0x00000000ff500000, 0x0000000100000000)
  eden space 383488K, 99% used [0x00000000d5580000,0x00000000ecbffae8,0x00000000ecc00000)
  from space 144896K, 10% used [0x00000000f6780000,0x00000000f75cc648,0x00000000ff500000)
  to   space 152064K, 0% used [0x00000000ecc00000,0x00000000ecc00000,0x00000000f6080000)
 ParOldGen       total 417280K, used 122253K [0x0000000080000000, 0x0000000099780000, 0x00000000d5580000)
  object space 417280K, 29% used [0x0000000080000000,0x0000000087763528,0x0000000099780000)
 Metaspace       used 117905K, capacity 125288K, committed 125440K, reserved 1159168K
  class space    used 15124K, capacity 16584K, committed 16640K, reserved 1048576K
Event: 1241.143 GC heap after
Heap after GC invocations=33 (full 6):
 PSYoungGen      total 535552K, used 16140K [0x00000000d5580000, 0x00000000ffd00000, 0x0000000100000000)
  eden space 383488K, 0% used [0x00000000d5580000,0x00000000d5580000,0x00000000ecc00000)
  from space 152064K, 10% used [0x00000000ecc00000,0x00000000edbc31f0,0x00000000f6080000)
  to   space 146944K, 0% used [0x00000000f6d80000,0x00000000f6d80000,0x00000000ffd00000)
 ParOldGen       total 417280K, used 122261K [0x0000000080000000, 0x0000000099780000, 0x00000000d5580000)
  object space 417280K, 29% used [0x0000000080000000,0x0000000087765528,0x0000000099780000)
 Metaspace       used 117905K, capacity 125288K, committed 125440K, reserved 1159168K
  class space    used 15124K, capacity 16584K, committed 16640K, reserved 1048576K
}
Event: 1456.905 GC heap before
{Heap before GC invocations=34 (full 6):
 PSYoungGen      total 535552K, used 399628K [0x00000000d5580000, 0x00000000ffd00000, 0x0000000100000000)
  eden space 383488K, 100% used [0x00000000d5580000,0x00000000ecc00000,0x00000000ecc00000)
  from space 152064K, 10% used [0x00000000ecc00000,0x00000000edbc31f0,0x00000000f6080000)
  to   space 146944K, 0% used [0x00000000f6d80000,0x00000000f6d80000,0x00000000ffd00000)
 ParOldGen       total 417280K, used 122261K [0x0000000080000000, 0x0000000099780000, 0x00000000d5580000)
  object space 417280K, 29% used [0x0000000080000000,0x0000000087765528,0x0000000099780000)
 Metaspace       used 118200K, capacity 125746K, committed 125952K, reserved 1159168K
  class space    used 15149K, capacity 16627K, committed 16640K, reserved 1048576K
Event: 1456.934 GC heap after
Heap after GC invocations=34 (full 6):
 PSYoungGen      total 536576K, used 7824K [0x00000000d5580000, 0x00000000ff300000, 0x0000000100000000)
  eden space 399872K, 0% used [0x00000000d5580000,0x00000000d5580000,0x00000000edc00000)
  from space 136704K, 5% used [0x00000000f6d80000,0x00000000f7524000,0x00000000ff300000)
  to   space 142848K, 0% used [0x00000000edc00000,0x00000000edc00000,0x00000000f6780000)
 ParOldGen       total 417280K, used 122261K [0x0000000080000000, 0x0000000099780000, 0x00000000d5580000)
  object space 417280K, 29% used [0x0000000080000000,0x0000000087765528,0x0000000099780000)
 Metaspace       used 118200K, capacity 125746K, committed 125952K, reserved 1159168K
  class space    used 15149K, capacity 16627K, committed 16640K, reserved 1048576K
}
Event: 1562.150 GC heap before
{Heap before GC invocations=35 (full 6):
 PSYoungGen      total 536576K, used 407696K [0x00000000d5580000, 0x00000000ff300000, 0x0000000100000000)
  eden space 399872K, 100% used [0x00000000d5580000,0x00000000edc00000,0x00000000edc00000)
  from space 136704K, 5% used [0x00000000f6d80000,0x00000000f7524000,0x00000000ff300000)
  to   space 142848K, 0% used [0x00000000edc00000,0x00000000edc00000,0x00000000f6780000)
 ParOldGen       total 417280K, used 122261K [0x0000000080000000, 0x0000000099780000, 0x00000000d5580000)
  object space 417280K, 29% used [0x0000000080000000,0x0000000087765528,0x0000000099780000)
 Metaspace       used 118777K, capacity 126906K, committed 127232K, reserved 1159168K
  class space    used 15242K, capacity 16797K, committed 16896K, reserved 1048576K
Event: 1562.181 GC heap after
Heap after GC invocations=35 (full 6):
 PSYoungGen      total 542720K, used 33048K [0x00000000d5580000, 0x00000000ff400000, 0x0000000100000000)
  eden space 399872K, 0% used [0x00000000d5580000,0x00000000d5580000,0x00000000edc00000)
  from space 142848K, 23% used [0x00000000edc00000,0x00000000efc46348,0x00000000f6780000)
  to   space 133632K, 0% used [0x00000000f7180000,0x00000000f7180000,0x00000000ff400000)
 ParOldGen       total 417280K, used 122269K [0x0000000080000000, 0x0000000099780000, 0x00000000d5580000)
  object space 417280K, 29% used [0x0000000080000000,0x0000000087767528,0x0000000099780000)
 Metaspace       used 118777K, capacity 126906K, committed 127232K, reserved 1159168K
  class space    used 15242K, capacity 16797K, committed 16896K, reserved 1048576K
}
Event: 2294.535 GC heap before
{Heap before GC invocations=36 (full 6):
 PSYoungGen      total 542720K, used 432920K [0x00000000d5580000, 0x00000000ff400000, 0x0000000100000000)
  eden space 399872K, 100% used [0x00000000d5580000,0x00000000edc00000,0x00000000edc00000)
  from space 142848K, 23% used [0x00000000edc00000,0x00000000efc46348,0x00000000f6780000)
  to   space 133632K, 0% used [0x00000000f7180000,0x00000000f7180000,0x00000000ff400000)
 ParOldGen       total 417280K, used 122269K [0x0000000080000000, 0x0000000099780000, 0x00000000d5580000)
  object space 417280K, 29% used [0x0000000080000000,0x0000000087767528,0x0000000099780000)
 Metaspace       used 121945K, capacity 130436K, committed 130688K, reserved 1163264K
  class space    used 15570K, capacity 17200K, committed 17280K, reserved 1048576K

